app/build/intermediates/manifest_merge_blame_file/debug/manifest-merger-blame-debug-report.txt
1<?xml version="1.0" encoding="utf-8"?>
2<manifest xmlns:android="http://schemas.android.com/apk/res/android"
3    package="com.example.insight"
4    android:versionCode="1"
5    android:versionName="1.0" >
6
7    <uses-sdk
8        android:minSdkVersion="15"
8-->src\main\AndroidManifest.xml
9        android:targetSdkVersion="29" />
9-->src\main\AndroidManifest.xml
10
11    <uses-feature
11-->src\main\AndroidManifest.xml:5:5-7:35
12        android:name="android.hardware.camera"
12-->src\main\AndroidManifest.xml:6:9-47
13        android:required="true" />
13-->src\main\AndroidManifest.xml:7:9-32
14
15    <uses-permission
15-->src\main\AndroidManifest.xml:9:5-11:38
16        android:name="android.permission.WRITE_EXTERNAL_STORAGE"
16-->src\main\AndroidManifest.xml:10:9-65
17        android:maxSdkVersion="18" />
17-->src\main\AndroidManifest.xml:11:9-35
18    <uses-permission android:name="android.permission.READ_EXTERNAL_STORAGE" />
18-->src\main\AndroidManifest.xml:12:5-80
18-->src\main\AndroidManifest.xml:12:22-77
19    <uses-permission android:name="android.permission.INTERNET" />
19-->src\main\AndroidManifest.xml:13:5-67
19-->src\main\AndroidManifest.xml:13:22-64
20    <uses-permission android:name="android.permission.WAKE_LOCK" />
20-->src\main\AndroidManifest.xml:14:5-68
20-->src\main\AndroidManifest.xml:14:22-65
21
22    <application
22-->src\main\AndroidManifest.xml:15:5-46:19
23        android:allowBackup="true"
23-->src\main\AndroidManifest.xml:16:9-35
24        android:appComponentFactory="androidx.core.app.CoreComponentFactory"
24-->[androidx.core:core:1.0.1] AndroidManifest.xml:22:18-86
25        android:debuggable="true"
26        android:icon="@mipmap/ic_launcher"
26-->src\main\AndroidManifest.xml:17:9-43
27        android:label="@string/app_name"
27-->src\main\AndroidManifest.xml:18:9-41
28        android:roundIcon="@mipmap/ic_launcher_round"
28-->src\main\AndroidManifest.xml:19:9-54
29        android:supportsRtl="true"
29-->src\main\AndroidManifest.xml:20:9-35
30        android:testOnly="true"
31        android:theme="@style/AppTheme" >
31-->src\main\AndroidManifest.xml:21:9-40
32        <activity
32-->src\main\AndroidManifest.xml:22:9-28:20
33            android:name="com.example.insight.TranslateActivity"
33-->src\main\AndroidManifest.xml:22:19-52
34            android:parentActivityName="com.example.insight.MainActivity" >
34-->src\main\AndroidManifest.xml:23:13-55
35
36            <!-- The meta-data tag is required if you support API level 15 and lower -->
37            <meta-data
37-->src\main\AndroidManifest.xml:25:13-27:49
38                android:name="android.support.PARENT_ACTIVITY"
38-->src\main\AndroidManifest.xml:26:17-63
39                android:value=".MainActivity" />
39-->src\main\AndroidManifest.xml:27:17-46
40        </activity>
41        <activity android:name="com.example.insight.MainActivity" >
41-->src\main\AndroidManifest.xml:29:9-35:20
41-->src\main\AndroidManifest.xml:29:19-47
42            <intent-filter>
42-->src\main\AndroidManifest.xml:30:13-34:29
43                <action android:name="android.intent.action.MAIN" />
43-->src\main\AndroidManifest.xml:31:17-69
43-->src\main\AndroidManifest.xml:31:25-66
44
45                <category android:name="android.intent.category.LAUNCHER" />
45-->src\main\AndroidManifest.xml:33:17-77
45-->src\main\AndroidManifest.xml:33:27-74
46            </intent-filter>
47        </activity>
48
49        <provider
49-->src\main\AndroidManifest.xml:37:9-45:20
50            android:name="androidx.core.content.FileProvider"
50-->src\main\AndroidManifest.xml:38:13-62
51            android:authorities="com.example.android.fileprovider"
51-->src\main\AndroidManifest.xml:39:13-67
52            android:exported="false"
52-->src\main\AndroidManifest.xml:40:13-37
53            android:grantUriPermissions="true" >
53-->src\main\AndroidManifest.xml:41:13-47
54            <meta-data
54-->src\main\AndroidManifest.xml:42:13-44:54
55                android:name="android.support.FILE_PROVIDER_PATHS"
55-->src\main\AndroidManifest.xml:43:17-67
56                android:resource="@xml/file_paths" />
56-->src\main\AndroidManifest.xml:44:17-51
57        </provider>
58    </application>
59
60</manifest>